{"/Users/m.madaras/Desktop/bocacode/swecc2022/hello-unit-test/src/index.js": {"path":"/Users/m.madaras/Desktop/bocacode/swecc2022/hello-unit-test/src/index.js","statementMap":{"0":{"start":{"line":1,"column":19},"end":{"line":9,"column":1}},"1":{"start":{"line":2,"column":4},"end":{"line":4,"column":5}},"2":{"start":{"line":3,"column":8},"end":{"line":3,"column":40}},"3":{"start":{"line":5,"column":5},"end":{"line":7,"column":5}},"4":{"start":{"line":6,"column":8},"end":{"line":6,"column":40}},"5":{"start":{"line":8,"column":4},"end":{"line":8,"column":17}}},"fnMap":{"0":{"name":"(anonymous_0)","decl":{"start":{"line":1,"column":19},"end":{"line":1,"column":20}},"loc":{"start":{"line":1,"column":28},"end":{"line":9,"column":1}},"line":1}},"branchMap":{"0":{"loc":{"start":{"line":2,"column":4},"end":{"line":4,"column":5}},"type":"if","locations":[{"start":{"line":2,"column":4},"end":{"line":4,"column":5}},{"start":{},"end":{}}],"line":2},"1":{"loc":{"start":{"line":2,"column":7},"end":{"line":2,"column":15}},"type":"binary-expr","locations":[{"start":{"line":2,"column":7},"end":{"line":2,"column":9}},{"start":{"line":2,"column":13},"end":{"line":2,"column":15}}],"line":2},"2":{"loc":{"start":{"line":5,"column":5},"end":{"line":7,"column":5}},"type":"if","locations":[{"start":{"line":5,"column":5},"end":{"line":7,"column":5}},{"start":{},"end":{}}],"line":5},"3":{"loc":{"start":{"line":5,"column":8},"end":{"line":5,"column":52}},"type":"binary-expr","locations":[{"start":{"line":5,"column":8},"end":{"line":5,"column":28}},{"start":{"line":5,"column":32},"end":{"line":5,"column":52}}],"line":5}},"s":{"0":1,"1":3,"2":1,"3":2,"4":1,"5":1},"f":{"0":3},"b":{"0":[1,2],"1":[3,2],"2":[1,1],"3":[2,1]},"_coverageSchema":"1a1c01bbd47fc00a2c39e90264f33305004495a9","hash":"fcc144096e4bc04261b542fe5782bd833abe4e10"}
}
